<?xml version="1.0" encoding="UTF-8"?>
<testng-results ignored="0" total="0" passed="0" failed="0" skipped="0">
  <reporter-output>
  </reporter-output>
  <suite started-at="2023-03-13T13:04:41 EDT" name="AppHooks.TestNGHooks" finished-at="2023-03-13T13:04:41 EDT" duration-ms="9">
    <groups>
    </groups>
    <test started-at="2023-03-13T13:04:41 EDT" name="Command line test" finished-at="2023-03-13T13:04:41 EDT" duration-ms="9">
    </test> <!-- Command line test -->
  </suite> <!-- AppHooks.TestNGHooks -->
</testng-results>
